<?xml version="1.0" encoding="UTF-8"?>
<!-- Generated by org.testng.reporters.JUnitXMLReporter -->
<testsuite ignored="0" hostname="DESKTOP-RAAL7RU" failures="1" tests="1" name="Test" time="0.142" errors="0" timestamp="2023-06-19T13:13:13 IST">
  <testcase classname="TestNG.Example7_AssertClass2_assertNotEquals" name="TC2" time="0.032">
    <failure type="java.lang.AssertionError" message="Failed: both results are same:   did not expect [hi] but found [hi]">
      <![CDATA[java.lang.AssertionError: Failed: both results are same:   did not expect [hi] but found [hi]
at TestNG.Example7_AssertClass2_assertNotEquals.TC2(Example7_AssertClass2_assertNotEquals.java:14)
at java.base/java.util.ArrayList.forEach(ArrayList.java:1511)
... Removed 31 stack frames]]>
    </failure>
  </testcase> <!-- TC2 -->
</testsuite> <!-- Test -->
