<?xml version="1.0" encoding="UTF-8"?>
<testng-results ignored="2" total="8" passed="6" failed="0" skipped="0">
  <reporter-output>
    <line>
      <![CDATA[--running TC1--]]>
    </line>
    <line>
      <![CDATA[--running TC2--]]>
    </line>
    <line>
      <![CDATA[--running TC3--]]>
    </line>
    <line>
      <![CDATA[--running TC1--]]>
    </line>
    <line>
      <![CDATA[--running TC2--]]>
    </line>
    <line>
      <![CDATA[--running TC3--]]>
    </line>
  </reporter-output>
  <suite started-at="2023-06-19T08:31:55 IST" name="Suite" finished-at="2023-06-19T08:31:55 IST" duration-ms="41">
    <groups>
      <group name="login">
        <method signature="example10_grouping1.TC1()[pri:0, instance:TestNG.example10_grouping1@d29f28]" name="TC1" class="TestNG.example10_grouping1"/>
        <method signature="example10_grouping1.TC2()[pri:0, instance:TestNG.example10_grouping1@d29f28]" name="TC2" class="TestNG.example10_grouping1"/>
        <method signature="example10_grouping2.TC1()[pri:0, instance:TestNG.example10_grouping2@483f6d77]" name="TC1" class="TestNG.example10_grouping2"/>
      </group> <!-- login -->
      <group name="setting">
        <method signature="example10_grouping1.TC3()[pri:0, instance:TestNG.example10_grouping1@d29f28]" name="TC3" class="TestNG.example10_grouping1"/>
        <method signature="example10_grouping2.TC2()[pri:0, instance:TestNG.example10_grouping2@483f6d77]" name="TC2" class="TestNG.example10_grouping2"/>
        <method signature="example10_grouping2.TC3()[pri:0, instance:TestNG.example10_grouping2@483f6d77]" name="TC3" class="TestNG.example10_grouping2"/>
      </group> <!-- setting -->
    </groups>
    <test started-at="2023-06-19T08:31:55 IST" name="Test" finished-at="2023-06-19T08:31:55 IST" duration-ms="41">
      <class name="TestNG.example10_grouping2">
        <test-method signature="TC1()[pri:0, instance:TestNG.example10_grouping2@483f6d77]" started-at="2023-06-19T08:31:55 IST" name="TC1" finished-at="2023-06-19T08:31:55 IST" duration-ms="1" status="PASS">
          <reporter-output>
            <line>
              <![CDATA[--running TC1--]]>
            </line>
          </reporter-output>
        </test-method> <!-- TC1 -->
        <test-method signature="TC2()[pri:0, instance:TestNG.example10_grouping2@483f6d77]" started-at="2023-06-19T08:31:55 IST" name="TC2" finished-at="2023-06-19T08:31:55 IST" duration-ms="0" status="PASS">
          <reporter-output>
            <line>
              <![CDATA[--running TC2--]]>
            </line>
          </reporter-output>
        </test-method> <!-- TC2 -->
        <test-method signature="TC3()[pri:0, instance:TestNG.example10_grouping2@483f6d77]" started-at="2023-06-19T08:31:55 IST" name="TC3" finished-at="2023-06-19T08:31:55 IST" duration-ms="0" status="PASS">
          <reporter-output>
            <line>
              <![CDATA[--running TC3--]]>
            </line>
          </reporter-output>
        </test-method> <!-- TC3 -->
      </class> <!-- TestNG.example10_grouping2 -->
      <class name="TestNG.example10_grouping1">
        <test-method signature="TC1()[pri:0, instance:TestNG.example10_grouping1@d29f28]" started-at="2023-06-19T08:31:55 IST" name="TC1" finished-at="2023-06-19T08:31:55 IST" duration-ms="5" status="PASS">
          <reporter-output>
            <line>
              <![CDATA[--running TC1--]]>
            </line>
          </reporter-output>
        </test-method> <!-- TC1 -->
        <test-method signature="TC2()[pri:0, instance:TestNG.example10_grouping1@d29f28]" started-at="2023-06-19T08:31:55 IST" name="TC2" finished-at="2023-06-19T08:31:55 IST" duration-ms="0" status="PASS">
          <reporter-output>
            <line>
              <![CDATA[--running TC2--]]>
            </line>
          </reporter-output>
        </test-method> <!-- TC2 -->
        <test-method signature="TC3()[pri:0, instance:TestNG.example10_grouping1@d29f28]" started-at="2023-06-19T08:31:55 IST" name="TC3" finished-at="2023-06-19T08:31:55 IST" duration-ms="0" status="PASS">
          <reporter-output>
            <line>
              <![CDATA[--running TC3--]]>
            </line>
          </reporter-output>
        </test-method> <!-- TC3 -->
      </class> <!-- TestNG.example10_grouping1 -->
    </test> <!-- Test -->
  </suite> <!-- Suite -->
</testng-results>
