<?xml version="1.0" encoding="UTF-8"?>
<!-- Generated by org.testng.reporters.JUnitXMLReporter -->
<testsuite ignored="2" hostname="Sanju" failures="0" tests="6" name="Test" time="0.041" errors="0" timestamp="2023-06-19T08:31:55 IST">
  <testcase classname="TestNG.example10_grouping1" name="TC1" time="0.005"/>
  <testcase classname="TestNG.example10_grouping1" name="TC2" time="0.0"/>
  <testcase classname="TestNG.example10_grouping1" name="TC3" time="0.0"/>
  <testcase classname="TestNG.example10_grouping2" name="TC1" time="0.001"/>
  <testcase classname="TestNG.example10_grouping2" name="TC2" time="0.0"/>
  <testcase classname="TestNG.example10_grouping2" name="TC3" time="0.0"/>
  <testcase classname="TestNG.example10_grouping2" name="TC4" time="0.0">
    <ignored/>
  </testcase> <!-- TC4 -->
  <testcase classname="TestNG.example10_grouping1" name="TC4" time="0.0">
    <ignored/>
  </testcase> <!-- TC4 -->
</testsuite> <!-- Test -->
